<?xml version="1.0" encoding="UTF-8"?>
<!-- Generated by org.testng.reporters.JUnitXMLReporter -->
<testsuite ignored="0" hostname="HiNaL" failures="0" tests="4" name="Test" time="0.074" errors="0" timestamp="2020-12-28T17:36:11 GMT-08:00">
  <testcase classname="FirstMavenPack.Selenium2Test" name="deleteFacebook" time="0.007"/>
  <testcase classname="FirstMavenPack.Selenium2Test" name="deleteInsta" time="0.0"/>
  <testcase classname="FirstMavenPack.Selenium2Test" name="deleteTwitter" time="0.001"/>
  <testcase classname="FirstMavenPack.SurefireCommands" name="check" time="0.001"/>
</testsuite> <!-- Test -->
