<?xml version="1.0" encoding="UTF-8"?>
<testng-results ignored="0" total="4" passed="4" failed="0" skipped="0">
  <reporter-output>
  </reporter-output>
  <suite started-at="2020-12-28T17:36:11 GMT-08:00" name="Suite" finished-at="2020-12-28T17:36:11 GMT-08:00" duration-ms="74">
    <groups>
    </groups>
    <test started-at="2020-12-28T17:36:11 GMT-08:00" name="Test" finished-at="2020-12-28T17:36:11 GMT-08:00" duration-ms="74">
      <class name="FirstMavenPack.SurefireCommands">
        <test-method signature="check()[pri:0, instance:FirstMavenPack.SurefireCommands@10aa41f2]" started-at="2020-12-28T17:36:11 GMT-08:00" name="check" finished-at="2020-12-28T17:36:11 GMT-08:00" duration-ms="1" status="PASS">
          <reporter-output>
          </reporter-output>
        </test-method> <!-- check -->
      </class> <!-- FirstMavenPack.SurefireCommands -->
      <class name="FirstMavenPack.Selenium2Test">
        <test-method signature="deleteFacebook()[pri:0, instance:FirstMavenPack.Selenium2Test@c86b9e3]" started-at="2020-12-28T17:36:11 GMT-08:00" name="deleteFacebook" finished-at="2020-12-28T17:36:11 GMT-08:00" duration-ms="7" status="PASS">
          <reporter-output>
          </reporter-output>
        </test-method> <!-- deleteFacebook -->
        <test-method signature="deleteInsta()[pri:0, instance:FirstMavenPack.Selenium2Test@c86b9e3]" started-at="2020-12-28T17:36:11 GMT-08:00" name="deleteInsta" finished-at="2020-12-28T17:36:11 GMT-08:00" duration-ms="0" status="PASS">
          <reporter-output>
          </reporter-output>
        </test-method> <!-- deleteInsta -->
        <test-method signature="deleteTwitter()[pri:0, instance:FirstMavenPack.Selenium2Test@c86b9e3]" started-at="2020-12-28T17:36:11 GMT-08:00" name="deleteTwitter" finished-at="2020-12-28T17:36:11 GMT-08:00" duration-ms="1" status="PASS">
          <reporter-output>
          </reporter-output>
        </test-method> <!-- deleteTwitter -->
      </class> <!-- FirstMavenPack.Selenium2Test -->
    </test> <!-- Test -->
  </suite> <!-- Suite -->
</testng-results>
